<?xml version="1.0" encoding="UTF-8"?>
<!-- Generated by org.testng.reporters.JUnitReportReporter -->
<testsuite skipped="0" hostname="LAPTOP-V0QGSRAJ" name="com.syntax.test.TestNGtest" tests="1" failures="0" timestamp="2020-08-27T22:40:32 EDT" time="0.007" errors="0">
  <testcase name="hello" time="0.007" classname="com.syntax.test.TestNGtest"/>
  <system-out/>
</testsuite> <!-- com.syntax.test.TestNGtest -->
